{"E:\\Task Management\\task-management-app\\backend\\src\\controllers\\authController.js": {"path":"E:\\Task Management\\task-management-app\\backend\\src\\controllers\\authController.js","statementMap":{"0":{"start":{"line":6,"column":22},"end":{"line":12,"column":1}},"1":{"start":{"line":7,"column":2},"end":{"line":11,"column":4}},"2":{"start":{"line":14,"column":24},"end":{"line":83,"column":1}},"3":{"start":{"line":15,"column":2},"end":{"line":82,"column":3}},"4":{"start":{"line":16,"column":38},"end":{"line":16,"column":46}},"5":{"start":{"line":18,"column":4},"end":{"line":22,"column":5}},"6":{"start":{"line":19,"column":6},"end":{"line":21,"column":9}},"7":{"start":{"line":24,"column":4},"end":{"line":28,"column":5}},"8":{"start":{"line":25,"column":6},"end":{"line":27,"column":9}},"9":{"start":{"line":30,"column":4},"end":{"line":34,"column":5}},"10":{"start":{"line":31,"column":6},"end":{"line":33,"column":9}},"11":{"start":{"line":36,"column":26},"end":{"line":36,"column":60}},"12":{"start":{"line":38,"column":4},"end":{"line":42,"column":5}},"13":{"start":{"line":39,"column":6},"end":{"line":41,"column":9}},"14":{"start":{"line":44,"column":25},"end":{"line":46,"column":6}},"15":{"start":{"line":48,"column":4},"end":{"line":52,"column":5}},"16":{"start":{"line":49,"column":6},"end":{"line":51,"column":9}},"17":{"start":{"line":54,"column":27},"end":{"line":54,"column":58}},"18":{"start":{"line":56,"column":17},"end":{"line":68,"column":6}},"19":{"start":{"line":70,"column":18},"end":{"line":70,"column":51}},"20":{"start":{"line":72,"column":4},"end":{"line":76,"column":7}},"21":{"start":{"line":78,"column":4},"end":{"line":81,"column":7}},"22":{"start":{"line":85,"column":21},"end":{"line":136,"column":1}},"23":{"start":{"line":86,"column":2},"end":{"line":135,"column":3}},"24":{"start":{"line":87,"column":32},"end":{"line":87,"column":40}},"25":{"start":{"line":89,"column":4},"end":{"line":93,"column":5}},"26":{"start":{"line":90,"column":6},"end":{"line":92,"column":9}},"27":{"start":{"line":95,"column":4},"end":{"line":99,"column":5}},"28":{"start":{"line":96,"column":6},"end":{"line":98,"column":9}},"29":{"start":{"line":101,"column":17},"end":{"line":103,"column":6}},"30":{"start":{"line":105,"column":4},"end":{"line":109,"column":5}},"31":{"start":{"line":106,"column":6},"end":{"line":108,"column":9}},"32":{"start":{"line":111,"column":28},"end":{"line":111,"column":73}},"33":{"start":{"line":113,"column":4},"end":{"line":117,"column":5}},"34":{"start":{"line":114,"column":6},"end":{"line":116,"column":9}},"35":{"start":{"line":119,"column":18},"end":{"line":119,"column":51}},"36":{"start":{"line":121,"column":4},"end":{"line":129,"column":7}},"37":{"start":{"line":131,"column":4},"end":{"line":134,"column":7}}},"fnMap":{"0":{"name":"(anonymous_0)","decl":{"start":{"line":6,"column":22},"end":{"line":6,"column":23}},"loc":{"start":{"line":6,"column":40},"end":{"line":12,"column":1}},"line":6},"1":{"name":"(anonymous_1)","decl":{"start":{"line":14,"column":24},"end":{"line":14,"column":25}},"loc":{"start":{"line":14,"column":44},"end":{"line":83,"column":1}},"line":14},"2":{"name":"(anonymous_2)","decl":{"start":{"line":85,"column":21},"end":{"line":85,"column":22}},"loc":{"start":{"line":85,"column":41},"end":{"line":136,"column":1}},"line":85}},"branchMap":{"0":{"loc":{"start":{"line":18,"column":4},"end":{"line":22,"column":5}},"type":"if","locations":[{"start":{"line":18,"column":4},"end":{"line":22,"column":5}},{"start":{},"end":{}}],"line":18},"1":{"loc":{"start":{"line":18,"column":8},"end":{"line":18,"column":27}},"type":"binary-expr","locations":[{"start":{"line":18,"column":8},"end":{"line":18,"column":14}},{"start":{"line":18,"column":18},"end":{"line":18,"column":27}}],"line":18},"2":{"loc":{"start":{"line":24,"column":4},"end":{"line":28,"column":5}},"type":"if","locations":[{"start":{"line":24,"column":4},"end":{"line":28,"column":5}},{"start":{},"end":{}}],"line":24},"3":{"loc":{"start":{"line":30,"column":4},"end":{"line":34,"column":5}},"type":"if","locations":[{"start":{"line":30,"column":4},"end":{"line":34,"column":5}},{"start":{},"end":{}}],"line":30},"4":{"loc":{"start":{"line":36,"column":26},"end":{"line":36,"column":60}},"type":"cond-expr","locations":[{"start":{"line":36,"column":33},"end":{"line":36,"column":51}},{"start":{"line":36,"column":54},"end":{"line":36,"column":60}}],"line":36},"5":{"loc":{"start":{"line":38,"column":4},"end":{"line":42,"column":5}},"type":"if","locations":[{"start":{"line":38,"column":4},"end":{"line":42,"column":5}},{"start":{},"end":{}}],"line":38},"6":{"loc":{"start":{"line":48,"column":4},"end":{"line":52,"column":5}},"type":"if","locations":[{"start":{"line":48,"column":4},"end":{"line":52,"column":5}},{"start":{},"end":{}}],"line":48},"7":{"loc":{"start":{"line":89,"column":4},"end":{"line":93,"column":5}},"type":"if","locations":[{"start":{"line":89,"column":4},"end":{"line":93,"column":5}},{"start":{},"end":{}}],"line":89},"8":{"loc":{"start":{"line":89,"column":8},"end":{"line":89,"column":27}},"type":"binary-expr","locations":[{"start":{"line":89,"column":8},"end":{"line":89,"column":14}},{"start":{"line":89,"column":18},"end":{"line":89,"column":27}}],"line":89},"9":{"loc":{"start":{"line":95,"column":4},"end":{"line":99,"column":5}},"type":"if","locations":[{"start":{"line":95,"column":4},"end":{"line":99,"column":5}},{"start":{},"end":{}}],"line":95},"10":{"loc":{"start":{"line":105,"column":4},"end":{"line":109,"column":5}},"type":"if","locations":[{"start":{"line":105,"column":4},"end":{"line":109,"column":5}},{"start":{},"end":{}}],"line":105},"11":{"loc":{"start":{"line":113,"column":4},"end":{"line":117,"column":5}},"type":"if","locations":[{"start":{"line":113,"column":4},"end":{"line":117,"column":5}},{"start":{},"end":{}}],"line":113}},"s":{"0":2,"1":3,"2":2,"3":5,"4":5,"5":5,"6":0,"7":5,"8":1,"9":4,"10":1,"11":3,"12":3,"13":0,"14":3,"15":3,"16":1,"17":2,"18":2,"19":2,"20":2,"21":0,"22":2,"23":3,"24":3,"25":3,"26":1,"27":2,"28":0,"29":2,"30":2,"31":0,"32":2,"33":2,"34":1,"35":1,"36":1,"37":0},"f":{"0":3,"1":5,"2":3},"b":{"0":[0,5],"1":[5,5],"2":[1,4],"3":[1,3],"4":[3,0],"5":[0,3],"6":[1,2],"7":[1,2],"8":[3,3],"9":[0,2],"10":[0,2],"11":[1,1]},"inputSourceMap":null,"_coverageSchema":"1a1c01bbd47fc00a2c39e90264f33305004495a9","hash":"bc52ab0c2726c55e79b876bd299015ffef2f3be3"}
,"E:\\Task Management\\task-management-app\\backend\\src\\controllers\\taskController.js": {"path":"E:\\Task Management\\task-management-app\\backend\\src\\controllers\\taskController.js","statementMap":{"0":{"start":{"line":5,"column":24},"end":{"line":11,"column":1}},"1":{"start":{"line":6,"column":2},"end":{"line":10,"column":3}},"2":{"start":{"line":7,"column":4},"end":{"line":7,"column":34}},"3":{"start":{"line":13,"column":26},"end":{"line":97,"column":1}},"4":{"start":{"line":14,"column":2},"end":{"line":96,"column":3}},"5":{"start":{"line":22,"column":8},"end":{"line":22,"column":16}},"6":{"start":{"line":24,"column":4},"end":{"line":28,"column":5}},"7":{"start":{"line":25,"column":6},"end":{"line":27,"column":9}},"8":{"start":{"line":30,"column":28},"end":{"line":30,"column":47}},"9":{"start":{"line":31,"column":30},"end":{"line":31,"column":50}},"10":{"start":{"line":33,"column":4},"end":{"line":37,"column":5}},"11":{"start":{"line":34,"column":6},"end":{"line":36,"column":9}},"12":{"start":{"line":39,"column":4},"end":{"line":43,"column":5}},"13":{"start":{"line":40,"column":6},"end":{"line":42,"column":9}},"14":{"start":{"line":45,"column":4},"end":{"line":55,"column":5}},"15":{"start":{"line":46,"column":27},"end":{"line":48,"column":8}},"16":{"start":{"line":50,"column":6},"end":{"line":54,"column":7}},"17":{"start":{"line":51,"column":8},"end":{"line":53,"column":11}},"18":{"start":{"line":57,"column":17},"end":{"line":83,"column":6}},"19":{"start":{"line":68,"column":38},"end":{"line":71,"column":13}},"20":{"start":{"line":85,"column":4},"end":{"line":85,"column":41}},"21":{"start":{"line":87,"column":4},"end":{"line":90,"column":7}},"22":{"start":{"line":92,"column":4},"end":{"line":95,"column":7}},"23":{"start":{"line":99,"column":24},"end":{"line":202,"column":1}},"24":{"start":{"line":100,"column":2},"end":{"line":201,"column":3}},"25":{"start":{"line":109,"column":8},"end":{"line":109,"column":17}},"26":{"start":{"line":111,"column":18},"end":{"line":111,"column":20}},"27":{"start":{"line":113,"column":4},"end":{"line":118,"column":5}},"28":{"start":{"line":114,"column":6},"end":{"line":117,"column":8}},"29":{"start":{"line":120,"column":4},"end":{"line":128,"column":5}},"30":{"start":{"line":121,"column":6},"end":{"line":125,"column":7}},"31":{"start":{"line":122,"column":8},"end":{"line":124,"column":11}},"32":{"start":{"line":127,"column":6},"end":{"line":127,"column":28}},"33":{"start":{"line":130,"column":4},"end":{"line":138,"column":5}},"34":{"start":{"line":131,"column":6},"end":{"line":135,"column":7}},"35":{"start":{"line":132,"column":8},"end":{"line":134,"column":11}},"36":{"start":{"line":137,"column":6},"end":{"line":137,"column":32}},"37":{"start":{"line":140,"column":4},"end":{"line":145,"column":5}},"38":{"start":{"line":141,"column":6},"end":{"line":144,"column":8}},"39":{"start":{"line":147,"column":30},"end":{"line":153,"column":5}},"40":{"start":{"line":155,"column":23},"end":{"line":157,"column":19}},"41":{"start":{"line":159,"column":22},"end":{"line":159,"column":54}},"42":{"start":{"line":161,"column":23},"end":{"line":161,"column":48}},"43":{"start":{"line":162,"column":24},"end":{"line":162,"column":64}},"44":{"start":{"line":163,"column":17},"end":{"line":163,"column":47}},"45":{"start":{"line":165,"column":32},"end":{"line":185,"column":6}},"46":{"start":{"line":187,"column":4},"end":{"line":195,"column":7}},"47":{"start":{"line":197,"column":4},"end":{"line":200,"column":7}},"48":{"start":{"line":204,"column":27},"end":{"line":250,"column":1}},"49":{"start":{"line":205,"column":2},"end":{"line":249,"column":3}},"50":{"start":{"line":206,"column":19},"end":{"line":206,"column":40}},"51":{"start":{"line":208,"column":4},"end":{"line":212,"column":5}},"52":{"start":{"line":209,"column":6},"end":{"line":211,"column":9}},"53":{"start":{"line":214,"column":17},"end":{"line":225,"column":6}},"54":{"start":{"line":227,"column":4},"end":{"line":231,"column":5}},"55":{"start":{"line":228,"column":6},"end":{"line":230,"column":9}},"56":{"start":{"line":233,"column":4},"end":{"line":241,"column":5}},"57":{"start":{"line":238,"column":6},"end":{"line":240,"column":9}},"58":{"start":{"line":243,"column":4},"end":{"line":243,"column":23}},"59":{"start":{"line":245,"column":4},"end":{"line":248,"column":7}},"60":{"start":{"line":252,"column":26},"end":{"line":350,"column":1}},"61":{"start":{"line":253,"column":2},"end":{"line":349,"column":3}},"62":{"start":{"line":254,"column":19},"end":{"line":254,"column":40}},"63":{"start":{"line":256,"column":4},"end":{"line":260,"column":5}},"64":{"start":{"line":257,"column":6},"end":{"line":259,"column":9}},"65":{"start":{"line":262,"column":25},"end":{"line":264,"column":6}},"66":{"start":{"line":266,"column":4},"end":{"line":270,"column":5}},"67":{"start":{"line":267,"column":6},"end":{"line":269,"column":9}},"68":{"start":{"line":272,"column":4},"end":{"line":276,"column":5}},"69":{"start":{"line":273,"column":6},"end":{"line":275,"column":9}},"70":{"start":{"line":285,"column":8},"end":{"line":285,"column":16}},"71":{"start":{"line":287,"column":4},"end":{"line":291,"column":5}},"72":{"start":{"line":288,"column":6},"end":{"line":290,"column":9}},"73":{"start":{"line":293,"column":4},"end":{"line":297,"column":5}},"74":{"start":{"line":294,"column":6},"end":{"line":296,"column":9}},"75":{"start":{"line":299,"column":4},"end":{"line":309,"column":5}},"76":{"start":{"line":300,"column":27},"end":{"line":302,"column":8}},"77":{"start":{"line":304,"column":6},"end":{"line":308,"column":7}},"78":{"start":{"line":305,"column":8},"end":{"line":307,"column":11}},"79":{"start":{"line":311,"column":17},"end":{"line":336,"column":6}},"80":{"start":{"line":338,"column":4},"end":{"line":338,"column":41}},"81":{"start":{"line":340,"column":4},"end":{"line":343,"column":7}},"82":{"start":{"line":345,"column":4},"end":{"line":348,"column":7}},"83":{"start":{"line":352,"column":26},"end":{"line":395,"column":1}},"84":{"start":{"line":353,"column":2},"end":{"line":394,"column":3}},"85":{"start":{"line":354,"column":19},"end":{"line":354,"column":40}},"86":{"start":{"line":356,"column":4},"end":{"line":360,"column":5}},"87":{"start":{"line":357,"column":6},"end":{"line":359,"column":9}},"88":{"start":{"line":362,"column":25},"end":{"line":364,"column":6}},"89":{"start":{"line":366,"column":4},"end":{"line":370,"column":5}},"90":{"start":{"line":367,"column":6},"end":{"line":369,"column":9}},"91":{"start":{"line":372,"column":4},"end":{"line":376,"column":5}},"92":{"start":{"line":373,"column":6},"end":{"line":375,"column":9}},"93":{"start":{"line":378,"column":4},"end":{"line":380,"column":7}},"94":{"start":{"line":382,"column":4},"end":{"line":384,"column":7}},"95":{"start":{"line":386,"column":4},"end":{"line":388,"column":7}},"96":{"start":{"line":390,"column":4},"end":{"line":393,"column":7}}},"fnMap":{"0":{"name":"(anonymous_0)","decl":{"start":{"line":5,"column":24},"end":{"line":5,"column":25}},"loc":{"start":{"line":5,"column":45},"end":{"line":11,"column":1}},"line":5},"1":{"name":"(anonymous_1)","decl":{"start":{"line":13,"column":26},"end":{"line":13,"column":27}},"loc":{"start":{"line":13,"column":46},"end":{"line":97,"column":1}},"line":13},"2":{"name":"(anonymous_2)","decl":{"start":{"line":68,"column":27},"end":{"line":68,"column":28}},"loc":{"start":{"line":68,"column":38},"end":{"line":71,"column":13}},"line":68},"3":{"name":"(anonymous_3)","decl":{"start":{"line":99,"column":24},"end":{"line":99,"column":25}},"loc":{"start":{"line":99,"column":44},"end":{"line":202,"column":1}},"line":99},"4":{"name":"(anonymous_4)","decl":{"start":{"line":204,"column":27},"end":{"line":204,"column":28}},"loc":{"start":{"line":204,"column":47},"end":{"line":250,"column":1}},"line":204},"5":{"name":"(anonymous_5)","decl":{"start":{"line":252,"column":26},"end":{"line":252,"column":27}},"loc":{"start":{"line":252,"column":46},"end":{"line":350,"column":1}},"line":252},"6":{"name":"(anonymous_6)","decl":{"start":{"line":352,"column":26},"end":{"line":352,"column":27}},"loc":{"start":{"line":352,"column":46},"end":{"line":395,"column":1}},"line":352}},"branchMap":{"0":{"loc":{"start":{"line":24,"column":4},"end":{"line":28,"column":5}},"type":"if","locations":[{"start":{"line":24,"column":4},"end":{"line":28,"column":5}},{"start":{},"end":{}}],"line":24},"1":{"loc":{"start":{"line":24,"column":8},"end":{"line":24,"column":37}},"type":"binary-expr","locations":[{"start":{"line":24,"column":8},"end":{"line":24,"column":14}},{"start":{"line":24,"column":18},"end":{"line":24,"column":37}}],"line":24},"2":{"loc":{"start":{"line":30,"column":28},"end":{"line":30,"column":47}},"type":"binary-expr","locations":[{"start":{"line":30,"column":28},"end":{"line":30,"column":34}},{"start":{"line":30,"column":38},"end":{"line":30,"column":47}}],"line":30},"3":{"loc":{"start":{"line":31,"column":30},"end":{"line":31,"column":50}},"type":"binary-expr","locations":[{"start":{"line":31,"column":30},"end":{"line":31,"column":38}},{"start":{"line":31,"column":42},"end":{"line":31,"column":50}}],"line":31},"4":{"loc":{"start":{"line":33,"column":4},"end":{"line":37,"column":5}},"type":"if","locations":[{"start":{"line":33,"column":4},"end":{"line":37,"column":5}},{"start":{},"end":{}}],"line":33},"5":{"loc":{"start":{"line":39,"column":4},"end":{"line":43,"column":5}},"type":"if","locations":[{"start":{"line":39,"column":4},"end":{"line":43,"column":5}},{"start":{},"end":{}}],"line":39},"6":{"loc":{"start":{"line":45,"column":4},"end":{"line":55,"column":5}},"type":"if","locations":[{"start":{"line":45,"column":4},"end":{"line":55,"column":5}},{"start":{},"end":{}}],"line":45},"7":{"loc":{"start":{"line":50,"column":6},"end":{"line":54,"column":7}},"type":"if","locations":[{"start":{"line":50,"column":6},"end":{"line":54,"column":7}},{"start":{},"end":{}}],"line":50},"8":{"loc":{"start":{"line":63,"column":17},"end":{"line":63,"column":51}},"type":"cond-expr","locations":[{"start":{"line":63,"column":27},"end":{"line":63,"column":44}},{"start":{"line":63,"column":47},"end":{"line":63,"column":51}}],"line":63},"9":{"loc":{"start":{"line":64,"column":22},"end":{"line":64,"column":64}},"type":"cond-expr","locations":[{"start":{"line":64,"column":37},"end":{"line":64,"column":57}},{"start":{"line":64,"column":60},"end":{"line":64,"column":64}}],"line":64},"10":{"loc":{"start":{"line":68,"column":12},"end":{"line":71,"column":21}},"type":"binary-expr","locations":[{"start":{"line":68,"column":12},"end":{"line":71,"column":15}},{"start":{"line":71,"column":19},"end":{"line":71,"column":21}}],"line":68},"11":{"loc":{"start":{"line":105,"column":6},"end":{"line":105,"column":26}},"type":"default-arg","locations":[{"start":{"line":105,"column":15},"end":{"line":105,"column":26}}],"line":105},"12":{"loc":{"start":{"line":106,"column":6},"end":{"line":106,"column":20}},"type":"default-arg","locations":[{"start":{"line":106,"column":14},"end":{"line":106,"column":20}}],"line":106},"13":{"loc":{"start":{"line":107,"column":6},"end":{"line":107,"column":14}},"type":"default-arg","locations":[{"start":{"line":107,"column":13},"end":{"line":107,"column":14}}],"line":107},"14":{"loc":{"start":{"line":108,"column":6},"end":{"line":108,"column":15}},"type":"default-arg","locations":[{"start":{"line":108,"column":14},"end":{"line":108,"column":15}}],"line":108},"15":{"loc":{"start":{"line":113,"column":4},"end":{"line":118,"column":5}},"type":"if","locations":[{"start":{"line":113,"column":4},"end":{"line":118,"column":5}},{"start":{},"end":{}}],"line":113},"16":{"loc":{"start":{"line":120,"column":4},"end":{"line":128,"column":5}},"type":"if","locations":[{"start":{"line":120,"column":4},"end":{"line":128,"column":5}},{"start":{},"end":{}}],"line":120},"17":{"loc":{"start":{"line":121,"column":6},"end":{"line":125,"column":7}},"type":"if","locations":[{"start":{"line":121,"column":6},"end":{"line":125,"column":7}},{"start":{},"end":{}}],"line":121},"18":{"loc":{"start":{"line":130,"column":4},"end":{"line":138,"column":5}},"type":"if","locations":[{"start":{"line":130,"column":4},"end":{"line":138,"column":5}},{"start":{},"end":{}}],"line":130},"19":{"loc":{"start":{"line":131,"column":6},"end":{"line":135,"column":7}},"type":"if","locations":[{"start":{"line":131,"column":6},"end":{"line":135,"column":7}},{"start":{},"end":{}}],"line":131},"20":{"loc":{"start":{"line":140,"column":4},"end":{"line":145,"column":5}},"type":"if","locations":[{"start":{"line":140,"column":4},"end":{"line":145,"column":5}},{"start":{},"end":{}}],"line":140},"21":{"loc":{"start":{"line":155,"column":23},"end":{"line":157,"column":19}},"type":"cond-expr","locations":[{"start":{"line":156,"column":8},"end":{"line":156,"column":14}},{"start":{"line":157,"column":8},"end":{"line":157,"column":19}}],"line":155},"22":{"loc":{"start":{"line":159,"column":22},"end":{"line":159,"column":54}},"type":"cond-expr","locations":[{"start":{"line":159,"column":40},"end":{"line":159,"column":45}},{"start":{"line":159,"column":48},"end":{"line":159,"column":54}}],"line":159},"23":{"loc":{"start":{"line":192,"column":20},"end":{"line":192,"column":60}},"type":"binary-expr","locations":[{"start":{"line":192,"column":20},"end":{"line":192,"column":55}},{"start":{"line":192,"column":59},"end":{"line":192,"column":60}}],"line":192},"24":{"loc":{"start":{"line":208,"column":4},"end":{"line":212,"column":5}},"type":"if","locations":[{"start":{"line":208,"column":4},"end":{"line":212,"column":5}},{"start":{},"end":{}}],"line":208},"25":{"loc":{"start":{"line":227,"column":4},"end":{"line":231,"column":5}},"type":"if","locations":[{"start":{"line":227,"column":4},"end":{"line":231,"column":5}},{"start":{},"end":{}}],"line":227},"26":{"loc":{"start":{"line":233,"column":4},"end":{"line":241,"column":5}},"type":"if","locations":[{"start":{"line":233,"column":4},"end":{"line":241,"column":5}},{"start":{},"end":{}}],"line":233},"27":{"loc":{"start":{"line":234,"column":6},"end":{"line":236,"column":39}},"type":"binary-expr","locations":[{"start":{"line":234,"column":6},"end":{"line":234,"column":31}},{"start":{"line":235,"column":6},"end":{"line":235,"column":38}},{"start":{"line":236,"column":6},"end":{"line":236,"column":39}}],"line":234},"28":{"loc":{"start":{"line":256,"column":4},"end":{"line":260,"column":5}},"type":"if","locations":[{"start":{"line":256,"column":4},"end":{"line":260,"column":5}},{"start":{},"end":{}}],"line":256},"29":{"loc":{"start":{"line":266,"column":4},"end":{"line":270,"column":5}},"type":"if","locations":[{"start":{"line":266,"column":4},"end":{"line":270,"column":5}},{"start":{},"end":{}}],"line":266},"30":{"loc":{"start":{"line":272,"column":4},"end":{"line":276,"column":5}},"type":"if","locations":[{"start":{"line":272,"column":4},"end":{"line":276,"column":5}},{"start":{},"end":{}}],"line":272},"31":{"loc":{"start":{"line":272,"column":8},"end":{"line":272,"column":77}},"type":"binary-expr","locations":[{"start":{"line":272,"column":8},"end":{"line":272,"column":33}},{"start":{"line":272,"column":37},"end":{"line":272,"column":77}}],"line":272},"32":{"loc":{"start":{"line":287,"column":4},"end":{"line":291,"column":5}},"type":"if","locations":[{"start":{"line":287,"column":4},"end":{"line":291,"column":5}},{"start":{},"end":{}}],"line":287},"33":{"loc":{"start":{"line":287,"column":8},"end":{"line":287,"column":40}},"type":"binary-expr","locations":[{"start":{"line":287,"column":8},"end":{"line":287,"column":14}},{"start":{"line":287,"column":18},"end":{"line":287,"column":40}}],"line":287},"34":{"loc":{"start":{"line":293,"column":4},"end":{"line":297,"column":5}},"type":"if","locations":[{"start":{"line":293,"column":4},"end":{"line":297,"column":5}},{"start":{},"end":{}}],"line":293},"35":{"loc":{"start":{"line":293,"column":8},"end":{"line":293,"column":46}},"type":"binary-expr","locations":[{"start":{"line":293,"column":8},"end":{"line":293,"column":16}},{"start":{"line":293,"column":20},"end":{"line":293,"column":46}}],"line":293},"36":{"loc":{"start":{"line":299,"column":4},"end":{"line":309,"column":5}},"type":"if","locations":[{"start":{"line":299,"column":4},"end":{"line":309,"column":5}},{"start":{},"end":{}}],"line":299},"37":{"loc":{"start":{"line":304,"column":6},"end":{"line":308,"column":7}},"type":"if","locations":[{"start":{"line":304,"column":6},"end":{"line":308,"column":7}},{"start":{},"end":{}}],"line":304},"38":{"loc":{"start":{"line":314,"column":15},"end":{"line":314,"column":56}},"type":"cond-expr","locations":[{"start":{"line":314,"column":23},"end":{"line":314,"column":35}},{"start":{"line":314,"column":38},"end":{"line":314,"column":56}}],"line":314},"39":{"loc":{"start":{"line":316,"column":10},"end":{"line":316,"column":76}},"type":"cond-expr","locations":[{"start":{"line":316,"column":38},"end":{"line":316,"column":49}},{"start":{"line":316,"column":52},"end":{"line":316,"column":76}}],"line":316},"40":{"loc":{"start":{"line":317,"column":16},"end":{"line":317,"column":45}},"type":"binary-expr","locations":[{"start":{"line":317,"column":16},"end":{"line":317,"column":22}},{"start":{"line":317,"column":26},"end":{"line":317,"column":45}}],"line":317},"41":{"loc":{"start":{"line":318,"column":18},"end":{"line":318,"column":51}},"type":"binary-expr","locations":[{"start":{"line":318,"column":18},"end":{"line":318,"column":26}},{"start":{"line":318,"column":30},"end":{"line":318,"column":51}}],"line":318},"42":{"loc":{"start":{"line":319,"column":17},"end":{"line":319,"column":67}},"type":"cond-expr","locations":[{"start":{"line":319,"column":27},"end":{"line":319,"column":44}},{"start":{"line":319,"column":47},"end":{"line":319,"column":67}}],"line":319},"43":{"loc":{"start":{"line":321,"column":10},"end":{"line":325,"column":39}},"type":"cond-expr","locations":[{"start":{"line":322,"column":14},"end":{"line":322,"column":18}},{"start":{"line":323,"column":14},"end":{"line":325,"column":39}}],"line":321},"44":{"loc":{"start":{"line":321,"column":10},"end":{"line":321,"column":54}},"type":"binary-expr","locations":[{"start":{"line":321,"column":10},"end":{"line":321,"column":31}},{"start":{"line":321,"column":35},"end":{"line":321,"column":54}}],"line":321},"45":{"loc":{"start":{"line":323,"column":14},"end":{"line":325,"column":39}},"type":"cond-expr","locations":[{"start":{"line":324,"column":14},"end":{"line":324,"column":34}},{"start":{"line":325,"column":14},"end":{"line":325,"column":39}}],"line":323},"46":{"loc":{"start":{"line":356,"column":4},"end":{"line":360,"column":5}},"type":"if","locations":[{"start":{"line":356,"column":4},"end":{"line":360,"column":5}},{"start":{},"end":{}}],"line":356},"47":{"loc":{"start":{"line":366,"column":4},"end":{"line":370,"column":5}},"type":"if","locations":[{"start":{"line":366,"column":4},"end":{"line":370,"column":5}},{"start":{},"end":{}}],"line":366},"48":{"loc":{"start":{"line":372,"column":4},"end":{"line":376,"column":5}},"type":"if","locations":[{"start":{"line":372,"column":4},"end":{"line":376,"column":5}},{"start":{},"end":{}}],"line":372},"49":{"loc":{"start":{"line":372,"column":8},"end":{"line":372,"column":77}},"type":"binary-expr","locations":[{"start":{"line":372,"column":8},"end":{"line":372,"column":33}},{"start":{"line":372,"column":37},"end":{"line":372,"column":77}}],"line":372}},"s":{"0":2,"1":3,"2":3,"3":2,"4":4,"5":4,"6":4,"7":1,"8":3,"9":3,"10":3,"11":1,"12":2,"13":1,"14":1,"15":0,"16":0,"17":0,"18":1,"19":0,"20":1,"21":1,"22":0,"23":2,"24":5,"25":5,"26":5,"27":5,"28":5,"29":5,"30":2,"31":1,"32":1,"33":4,"34":1,"35":1,"36":0,"37":3,"38":1,"39":3,"40":3,"41":3,"42":3,"43":3,"44":3,"45":3,"46":3,"47":0,"48":2,"49":4,"50":4,"51":4,"52":1,"53":3,"54":3,"55":2,"56":1,"57":0,"58":1,"59":0,"60":2,"61":1,"62":1,"63":1,"64":0,"65":1,"66":1,"67":0,"68":1,"69":0,"70":1,"71":1,"72":0,"73":1,"74":0,"75":1,"76":0,"77":0,"78":0,"79":1,"80":1,"81":1,"82":0,"83":2,"84":1,"85":1,"86":1,"87":0,"88":1,"89":1,"90":0,"91":1,"92":0,"93":1,"94":1,"95":1,"96":0},"f":{"0":3,"1":4,"2":0,"3":5,"4":4,"5":1,"6":1},"b":{"0":[1,3],"1":[4,3],"2":[3,0],"3":[3,0],"4":[1,2],"5":[1,1],"6":[0,1],"7":[0,0],"8":[1,0],"9":[0,1],"10":[1,1],"11":[5],"12":[5],"13":[5],"14":[5],"15":[5,0],"16":[2,3],"17":[1,1],"18":[1,3],"19":[1,0],"20":[1,2],"21":[3,0],"22":[0,3],"23":[3,0],"24":[1,3],"25":[2,1],"26":[0,1],"27":[1,1,0],"28":[0,1],"29":[0,1],"30":[0,1],"31":[1,1],"32":[0,1],"33":[1,1],"34":[0,1],"35":[1,1],"36":[0,1],"37":[0,0],"38":[1,0],"39":[0,1],"40":[1,0],"41":[1,0],"42":[0,1],"43":[0,1],"44":[1,1],"45":[0,1],"46":[0,1],"47":[0,1],"48":[0,1],"49":[1,1]},"inputSourceMap":null,"_coverageSchema":"1a1c01bbd47fc00a2c39e90264f33305004495a9","hash":"7b5e1d0d53561c30fe72e47f25d81fb5bd845a9d"}
,"E:\\Task Management\\task-management-app\\backend\\src\\middleware\\authMiddleware.js": {"path":"E:\\Task Management\\task-management-app\\backend\\src\\middleware\\authMiddleware.js","statementMap":{"0":{"start":{"line":4,"column":23},"end":{"line":42,"column":1}},"1":{"start":{"line":5,"column":2},"end":{"line":41,"column":3}},"2":{"start":{"line":8,"column":4},"end":{"line":13,"column":5}},"3":{"start":{"line":12,"column":6},"end":{"line":12,"column":54}},"4":{"start":{"line":15,"column":4},"end":{"line":17,"column":5}},"5":{"start":{"line":16,"column":6},"end":{"line":16,"column":80}},"6":{"start":{"line":19,"column":20},"end":{"line":19,"column":61}},"7":{"start":{"line":21,"column":17},"end":{"line":28,"column":6}},"8":{"start":{"line":30,"column":4},"end":{"line":32,"column":5}},"9":{"start":{"line":31,"column":6},"end":{"line":31,"column":65}},"10":{"start":{"line":34,"column":4},"end":{"line":34,"column":20}},"11":{"start":{"line":36,"column":4},"end":{"line":36,"column":11}},"12":{"start":{"line":38,"column":4},"end":{"line":40,"column":7}}},"fnMap":{"0":{"name":"(anonymous_0)","decl":{"start":{"line":4,"column":23},"end":{"line":4,"column":24}},"loc":{"start":{"line":4,"column":49},"end":{"line":42,"column":1}},"line":4}},"branchMap":{"0":{"loc":{"start":{"line":8,"column":4},"end":{"line":13,"column":5}},"type":"if","locations":[{"start":{"line":8,"column":4},"end":{"line":13,"column":5}},{"start":{},"end":{}}],"line":8},"1":{"loc":{"start":{"line":9,"column":6},"end":{"line":10,"column":52}},"type":"binary-expr","locations":[{"start":{"line":9,"column":6},"end":{"line":9,"column":31}},{"start":{"line":10,"column":6},"end":{"line":10,"column":52}}],"line":9},"2":{"loc":{"start":{"line":15,"column":4},"end":{"line":17,"column":5}},"type":"if","locations":[{"start":{"line":15,"column":4},"end":{"line":17,"column":5}},{"start":{},"end":{}}],"line":15},"3":{"loc":{"start":{"line":30,"column":4},"end":{"line":32,"column":5}},"type":"if","locations":[{"start":{"line":30,"column":4},"end":{"line":32,"column":5}},{"start":{},"end":{}}],"line":30}},"s":{"0":2,"1":16,"2":16,"3":15,"4":16,"5":1,"6":15,"7":15,"8":15,"9":0,"10":15,"11":15,"12":0},"f":{"0":16},"b":{"0":[15,1],"1":[16,15],"2":[1,15],"3":[0,15]},"inputSourceMap":null,"_coverageSchema":"1a1c01bbd47fc00a2c39e90264f33305004495a9","hash":"0f3587d628dfb20c059fc4f4a705f802b327a834"}
,"E:\\Task Management\\task-management-app\\backend\\src\\utils\\validators.js": {"path":"E:\\Task Management\\task-management-app\\backend\\src\\utils\\validators.js","statementMap":{"0":{"start":{"line":1,"column":28},"end":{"line":3,"column":1}},"1":{"start":{"line":2,"column":2},"end":{"line":2,"column":50}},"2":{"start":{"line":5,"column":27},"end":{"line":7,"column":1}},"3":{"start":{"line":6,"column":2},"end":{"line":6,"column":42}},"4":{"start":{"line":9,"column":29},"end":{"line":11,"column":1}},"5":{"start":{"line":10,"column":2},"end":{"line":10,"column":66}},"6":{"start":{"line":13,"column":31},"end":{"line":15,"column":1}},"7":{"start":{"line":14,"column":2},"end":{"line":14,"column":54}}},"fnMap":{"0":{"name":"(anonymous_0)","decl":{"start":{"line":1,"column":28},"end":{"line":1,"column":29}},"loc":{"start":{"line":1,"column":39},"end":{"line":3,"column":1}},"line":1},"1":{"name":"(anonymous_1)","decl":{"start":{"line":5,"column":27},"end":{"line":5,"column":28}},"loc":{"start":{"line":5,"column":37},"end":{"line":7,"column":1}},"line":5},"2":{"name":"(anonymous_2)","decl":{"start":{"line":9,"column":29},"end":{"line":9,"column":30}},"loc":{"start":{"line":9,"column":41},"end":{"line":11,"column":1}},"line":9},"3":{"name":"(anonymous_3)","decl":{"start":{"line":13,"column":31},"end":{"line":13,"column":32}},"loc":{"start":{"line":13,"column":45},"end":{"line":15,"column":1}},"line":13}},"branchMap":{},"s":{"0":2,"1":7,"2":2,"3":3,"4":2,"5":6,"6":2,"7":4},"f":{"0":7,"1":3,"2":6,"3":4},"b":{},"inputSourceMap":null,"_coverageSchema":"1a1c01bbd47fc00a2c39e90264f33305004495a9","hash":"a15bca0d2cc02d7258d3b9428a383d0d6ae0f898"}
}
