TN:
SF:src\controllers\authController.js
FN:6,(anonymous_0)
FN:14,(anonymous_1)
FN:85,(anonymous_2)
FNF:3
FNH:3
FNDA:3,(anonymous_0)
FNDA:5,(anonymous_1)
FNDA:3,(anonymous_2)
DA:6,2
DA:7,3
DA:14,2
DA:15,5
DA:16,5
DA:18,5
DA:19,0
DA:24,5
DA:25,1
DA:30,4
DA:31,1
DA:36,3
DA:38,3
DA:39,0
DA:44,3
DA:48,3
DA:49,1
DA:54,2
DA:56,2
DA:70,2
DA:72,2
DA:78,0
DA:85,2
DA:86,3
DA:87,3
DA:89,3
DA:90,1
DA:95,2
DA:96,0
DA:101,2
DA:105,2
DA:106,0
DA:111,2
DA:113,2
DA:114,1
DA:119,1
DA:121,1
DA:131,0
LF:38
LH:32
BRDA:18,0,0,0
BRDA:18,0,1,5
BRDA:18,1,0,5
BRDA:18,1,1,5
BRDA:24,2,0,1
BRDA:24,2,1,4
BRDA:30,3,0,1
BRDA:30,3,1,3
BRDA:36,4,0,3
BRDA:36,4,1,0
BRDA:38,5,0,0
BRDA:38,5,1,3
BRDA:48,6,0,1
BRDA:48,6,1,2
BRDA:89,7,0,1
BRDA:89,7,1,2
BRDA:89,8,0,3
BRDA:89,8,1,3
BRDA:95,9,0,0
BRDA:95,9,1,2
BRDA:105,10,0,0
BRDA:105,10,1,2
BRDA:113,11,0,1
BRDA:113,11,1,1
BRF:24
BRH:19
end_of_record
TN:
SF:src\controllers\taskController.js
FN:5,(anonymous_0)
FN:13,(anonymous_1)
FN:68,(anonymous_2)
FN:99,(anonymous_3)
FN:204,(anonymous_4)
FN:252,(anonymous_5)
FN:352,(anonymous_6)
FNF:7
FNH:6
FNDA:3,(anonymous_0)
FNDA:4,(anonymous_1)
FNDA:0,(anonymous_2)
FNDA:5,(anonymous_3)
FNDA:4,(anonymous_4)
FNDA:1,(anonymous_5)
FNDA:1,(anonymous_6)
DA:5,2
DA:6,3
DA:7,3
DA:13,2
DA:14,4
DA:22,4
DA:24,4
DA:25,1
DA:30,3
DA:31,3
DA:33,3
DA:34,1
DA:39,2
DA:40,1
DA:45,1
DA:46,0
DA:50,0
DA:51,0
DA:57,1
DA:68,0
DA:85,1
DA:87,1
DA:92,0
DA:99,2
DA:100,5
DA:109,5
DA:111,5
DA:113,5
DA:114,5
DA:120,5
DA:121,2
DA:122,1
DA:127,1
DA:130,4
DA:131,1
DA:132,1
DA:137,0
DA:140,3
DA:141,1
DA:147,3
DA:155,3
DA:159,3
DA:161,3
DA:162,3
DA:163,3
DA:165,3
DA:187,3
DA:197,0
DA:204,2
DA:205,4
DA:206,4
DA:208,4
DA:209,1
DA:214,3
DA:227,3
DA:228,2
DA:233,1
DA:238,0
DA:243,1
DA:245,0
DA:252,2
DA:253,1
DA:254,1
DA:256,1
DA:257,0
DA:262,1
DA:266,1
DA:267,0
DA:272,1
DA:273,0
DA:285,1
DA:287,1
DA:288,0
DA:293,1
DA:294,0
DA:299,1
DA:300,0
DA:304,0
DA:305,0
DA:311,1
DA:338,1
DA:340,1
DA:345,0
DA:352,2
DA:353,1
DA:354,1
DA:356,1
DA:357,0
DA:362,1
DA:366,1
DA:367,0
DA:372,1
DA:373,0
DA:378,1
DA:382,1
DA:386,1
DA:390,0
LF:97
LH:75
BRDA:24,0,0,1
BRDA:24,0,1,3
BRDA:24,1,0,4
BRDA:24,1,1,3
BRDA:30,2,0,3
BRDA:30,2,1,0
BRDA:31,3,0,3
BRDA:31,3,1,0
BRDA:33,4,0,1
BRDA:33,4,1,2
BRDA:39,5,0,1
BRDA:39,5,1,1
BRDA:45,6,0,0
BRDA:45,6,1,1
BRDA:50,7,0,0
BRDA:50,7,1,0
BRDA:63,8,0,1
BRDA:63,8,1,0
BRDA:64,9,0,0
BRDA:64,9,1,1
BRDA:68,10,0,1
BRDA:68,10,1,1
BRDA:105,11,0,5
BRDA:106,12,0,5
BRDA:107,13,0,5
BRDA:108,14,0,5
BRDA:113,15,0,5
BRDA:113,15,1,0
BRDA:120,16,0,2
BRDA:120,16,1,3
BRDA:121,17,0,1
BRDA:121,17,1,1
BRDA:130,18,0,1
BRDA:130,18,1,3
BRDA:131,19,0,1
BRDA:131,19,1,0
BRDA:140,20,0,1
BRDA:140,20,1,2
BRDA:155,21,0,3
BRDA:155,21,1,0
BRDA:159,22,0,0
BRDA:159,22,1,3
BRDA:192,23,0,3
BRDA:192,23,1,0
BRDA:208,24,0,1
BRDA:208,24,1,3
BRDA:227,25,0,2
BRDA:227,25,1,1
BRDA:233,26,0,0
BRDA:233,26,1,1
BRDA:234,27,0,1
BRDA:234,27,1,1
BRDA:234,27,2,0
BRDA:256,28,0,0
BRDA:256,28,1,1
BRDA:266,29,0,0
BRDA:266,29,1,1
BRDA:272,30,0,0
BRDA:272,30,1,1
BRDA:272,31,0,1
BRDA:272,31,1,1
BRDA:287,32,0,0
BRDA:287,32,1,1
BRDA:287,33,0,1
BRDA:287,33,1,1
BRDA:293,34,0,0
BRDA:293,34,1,1
BRDA:293,35,0,1
BRDA:293,35,1,1
BRDA:299,36,0,0
BRDA:299,36,1,1
BRDA:304,37,0,0
BRDA:304,37,1,0
BRDA:314,38,0,1
BRDA:314,38,1,0
BRDA:316,39,0,0
BRDA:316,39,1,1
BRDA:317,40,0,1
BRDA:317,40,1,0
BRDA:318,41,0,1
BRDA:318,41,1,0
BRDA:319,42,0,0
BRDA:319,42,1,1
BRDA:321,43,0,0
BRDA:321,43,1,1
BRDA:321,44,0,1
BRDA:321,44,1,1
BRDA:323,45,0,0
BRDA:323,45,1,1
BRDA:356,46,0,0
BRDA:356,46,1,1
BRDA:366,47,0,0
BRDA:366,47,1,1
BRDA:372,48,0,0
BRDA:372,48,1,1
BRDA:372,49,0,1
BRDA:372,49,1,1
BRF:97
BRH:65
end_of_record
TN:
SF:src\middleware\authMiddleware.js
FN:4,(anonymous_0)
FNF:1
FNH:1
FNDA:16,(anonymous_0)
DA:4,2
DA:5,16
DA:8,16
DA:12,15
DA:15,16
DA:16,1
DA:19,15
DA:21,15
DA:30,15
DA:31,0
DA:34,15
DA:36,15
DA:38,0
LF:13
LH:11
BRDA:8,0,0,15
BRDA:8,0,1,1
BRDA:9,1,0,16
BRDA:9,1,1,15
BRDA:15,2,0,1
BRDA:15,2,1,15
BRDA:30,3,0,0
BRDA:30,3,1,15
BRF:8
BRH:7
end_of_record
TN:
SF:src\utils\validators.js
FN:1,(anonymous_0)
FN:5,(anonymous_1)
FN:9,(anonymous_2)
FN:13,(anonymous_3)
FNF:4
FNH:4
FNDA:7,(anonymous_0)
FNDA:3,(anonymous_1)
FNDA:6,(anonymous_2)
FNDA:4,(anonymous_3)
DA:1,2
DA:2,7
DA:5,2
DA:6,3
DA:9,2
DA:10,6
DA:13,2
DA:14,4
LF:8
LH:8
BRF:0
BRH:0
end_of_record
